<?xml version="1.0" encoding="UTF-8"?>
<testsuite xmlns:xsi="http://www.w3.org/2001/XMLSchema-instance" xsi:noNamespaceSchemaLocation="https://maven.apache.org/surefire/maven-surefire-plugin/xsd/surefire-test-report-3.0.xsd" version="3.0" name="TestAPI" time="1.172" tests="1" errors="0" skipped="0" failures="0">
  <properties>
[...]
</properties>
  <testcase name="testSearchCountriesByCurrency" classname="TestAPI" time="1.15">
    <system-out><![CDATA[Info{name='United States Minor Outlying Islands'
, capital='[Washington DC]'
, currency='United States dollar'
, language='English'
, population='300'
, continent='[Oceania]'
}
Info{name='Turks and Caicos Islands'
, capital='[Cockburn Town]'
, currency='United States dollar'
, language='English'
, population='38718'
, continent='[North America]'
}
Info{name='Puerto Rico'
, capital='[San Juan]'
, currency='United States dollar'
, language='Spanish'
, population='3194034'
, continent='[North America]'
}
Info{name='British Virgin Islands'
, capital='[Road Town]'
, currency='United States dollar'
, language='English'
, population='30237'
, continent='[North America]'
}
Info{name='Ecuador'
, capital='[Quito]'
, currency='United States dollar'
, language='Spanish'
, population='17643060'
, continent='[South America]'
}
Info{name='Caribbean Netherlands'
, capital='[Kralendijk]'
, currency='United States dollar'
, language='English'
, population='25987'
, continent='[North America]'
}
Info{name='Cambodia'
, capital='[Phnom Penh]'
, currency='Cambodian riel, United States dollar'
, language='Khmer'
, population='16718971'
, continent='[Asia]'
}
Info{name='Guam'
, capital='[Hagåtña]'
, currency='United States dollar'
, language='Spanish'
, population='168783'
, continent='[Oceania]'
}
Info{name='United States Virgin Islands'
, capital='[Charlotte Amalie]'
, currency='United States dollar'
, language='English'
, population='106290'
, continent='[North America]'
}
Info{name='Timor-Leste'
, capital='[Dili]'
, currency='United States dollar'
, language='Portuguese'
, population='1318442'
, continent='[Oceania]'
}
Info{name='Panama'
, capital='[Panama City]'
, currency='Panamanian balboa, United States dollar'
, language='Spanish'
, population='4314768'
, continent='[North America]'
}
Info{name='Bahamas'
, capital='[Nassau]'
, currency='Bahamian dollar, United States dollar'
, language='English'
, population='393248'
, continent='[North America]'
}
Info{name='Northern Mariana Islands'
, capital='[Saipan]'
, currency='United States dollar'
, language='Carolinian'
, population='57557'
, continent='[Oceania]'
}
Info{name='British Indian Ocean Territory'
, capital='[Diego Garcia]'
, currency='United States dollar'
, language='English'
, population='3000'
, continent='[Asia]'
}
Info{name='Marshall Islands'
, capital='[Majuro]'
, currency='United States dollar'
, language='English'
, population='59194'
, continent='[Oceania]'
}
Info{name='American Samoa'
, capital='[Pago Pago]'
, currency='United States dollar'
, language='English'
, population='55197'
, continent='[Oceania]'
}
Info{name='Palau'
, capital='[Ngerulmud]'
, currency='United States dollar'
, language='English'
, population='18092'
, continent='[Oceania]'
}
Info{name='United States'
, capital='[Washington, D.C.]'
, currency='United States dollar'
, language='English'
, population='329484123'
, continent='[North America]'
}
Info{name='El Salvador'
, capital='[San Salvador]'
, currency='United States dollar'
, language='Spanish'
, population='6486201'
, continent='[North America]'
}
Info{name='Micronesia'
, capital='[Palikir]'
, currency='United States dollar'
, language='English'
, population='115021'
, continent='[Oceania]'
}
]]></system-out>
  </testcase>
</testsuite>